<?xml version="1.0" encoding="UTF-8"?>
<testsuite xmlns:xsi="http://www.w3.org/2001/XMLSchema-instance" xsi:noNamespaceSchemaLocation="https://maven.apache.org/surefire/maven-surefire-plugin/xsd/surefire-test-report.xsd" name="com.mao.dao.UserRepositoryTest" time="0.123" tests="1" errors="0" skipped="0" failures="0">
  <properties>
    <property name="sun.desktop" value="windows"/>
    <property name="awt.toolkit" value="sun.awt.windows.WToolkit"/>
    <property name="file.encoding.pkg" value="sun.io"/>
    <property name="java.specification.version" value="1.8"/>
    <property name="sun.cpu.isalist" value="amd64"/>
    <property name="sun.jnu.encoding" value="GBK"/>
    <property name="java.class.path" value="C:\Users\Administrator\Desktop\myBlog\blog\target\test-classes;C:\Users\Administrator\Desktop\myBlog\blog\target\classes;D:\maven\maven仓库\org\springframework\boot\spring-boot-starter-data-jpa\2.5.2\spring-boot-starter-data-jpa-2.5.2.jar;D:\maven\maven仓库\org\springframework\boot\spring-boot-starter-aop\2.5.2\spring-boot-starter-aop-2.5.2.jar;D:\maven\maven仓库\org\springframework\spring-aop\5.3.8\spring-aop-5.3.8.jar;D:\maven\maven仓库\org\aspectj\aspectjweaver\1.9.6\aspectjweaver-1.9.6.jar;D:\maven\maven仓库\org\springframework\boot\spring-boot-starter-jdbc\2.5.2\spring-boot-starter-jdbc-2.5.2.jar;D:\maven\maven仓库\com\zaxxer\HikariCP\4.0.3\HikariCP-4.0.3.jar;D:\maven\maven仓库\org\springframework\spring-jdbc\5.3.8\spring-jdbc-5.3.8.jar;D:\maven\maven仓库\jakarta\transaction\jakarta.transaction-api\1.3.3\jakarta.transaction-api-1.3.3.jar;D:\maven\maven仓库\jakarta\persistence\jakarta.persistence-api\2.2.3\jakarta.persistence-api-2.2.3.jar;D:\maven\maven仓库\org\hibernate\hibernate-core\5.4.32.Final\hibernate-core-5.4.32.Final.jar;D:\maven\maven仓库\org\javassist\javassist\3.27.0-GA\javassist-3.27.0-GA.jar;D:\maven\maven仓库\net\bytebuddy\byte-buddy\1.10.22\byte-buddy-1.10.22.jar;D:\maven\maven仓库\antlr\antlr\2.7.7\antlr-2.7.7.jar;D:\maven\maven仓库\org\jboss\jandex\2.2.3.Final\jandex-2.2.3.Final.jar;D:\maven\maven仓库\org\dom4j\dom4j\2.1.3\dom4j-2.1.3.jar;D:\maven\maven仓库\org\hibernate\common\hibernate-commons-annotations\5.1.2.Final\hibernate-commons-annotations-5.1.2.Final.jar;D:\maven\maven仓库\org\glassfish\jaxb\jaxb-runtime\2.3.4\jaxb-runtime-2.3.4.jar;D:\maven\maven仓库\org\glassfish\jaxb\txw2\2.3.4\txw2-2.3.4.jar;D:\maven\maven仓库\com\sun\istack\istack-commons-runtime\3.0.12\istack-commons-runtime-3.0.12.jar;D:\maven\maven仓库\com\sun\activation\jakarta.activation\1.2.2\jakarta.activation-1.2.2.jar;D:\maven\maven仓库\org\springframework\data\spring-data-jpa\2.5.2\spring-data-jpa-2.5.2.jar;D:\maven\maven仓库\org\springframework\data\spring-data-commons\2.5.2\spring-data-commons-2.5.2.jar;D:\maven\maven仓库\org\springframework\spring-orm\5.3.8\spring-orm-5.3.8.jar;D:\maven\maven仓库\org\springframework\spring-context\5.3.8\spring-context-5.3.8.jar;D:\maven\maven仓库\org\springframework\spring-tx\5.3.8\spring-tx-5.3.8.jar;D:\maven\maven仓库\org\springframework\spring-beans\5.3.8\spring-beans-5.3.8.jar;D:\maven\maven仓库\org\slf4j\slf4j-api\1.7.31\slf4j-api-1.7.31.jar;D:\maven\maven仓库\org\springframework\spring-aspects\5.3.8\spring-aspects-5.3.8.jar;D:\maven\maven仓库\org\springframework\boot\spring-boot-starter-thymeleaf\2.5.2\spring-boot-starter-thymeleaf-2.5.2.jar;D:\maven\maven仓库\org\springframework\boot\spring-boot-starter\2.5.2\spring-boot-starter-2.5.2.jar;D:\maven\maven仓库\org\springframework\boot\spring-boot-starter-logging\2.5.2\spring-boot-starter-logging-2.5.2.jar;D:\maven\maven仓库\ch\qos\logback\logback-classic\1.2.3\logback-classic-1.2.3.jar;D:\maven\maven仓库\ch\qos\logback\logback-core\1.2.3\logback-core-1.2.3.jar;D:\maven\maven仓库\org\apache\logging\log4j\log4j-to-slf4j\2.14.1\log4j-to-slf4j-2.14.1.jar;D:\maven\maven仓库\org\apache\logging\log4j\log4j-api\2.14.1\log4j-api-2.14.1.jar;D:\maven\maven仓库\org\slf4j\jul-to-slf4j\1.7.31\jul-to-slf4j-1.7.31.jar;D:\maven\maven仓库\jakarta\annotation\jakarta.annotation-api\1.3.5\jakarta.annotation-api-1.3.5.jar;D:\maven\maven仓库\org\yaml\snakeyaml\1.28\snakeyaml-1.28.jar;D:\maven\maven仓库\org\thymeleaf\thymeleaf-spring5\3.0.12.RELEASE\thymeleaf-spring5-3.0.12.RELEASE.jar;D:\maven\maven仓库\org\thymeleaf\thymeleaf\3.0.12.RELEASE\thymeleaf-3.0.12.RELEASE.jar;D:\maven\maven仓库\org\attoparser\attoparser\2.0.5.RELEASE\attoparser-2.0.5.RELEASE.jar;D:\maven\maven仓库\org\unbescape\unbescape\1.1.6.RELEASE\unbescape-1.1.6.RELEASE.jar;D:\maven\maven仓库\org\thymeleaf\extras\thymeleaf-extras-java8time\3.0.4.RELEASE\thymeleaf-extras-java8time-3.0.4.RELEASE.jar;D:\maven\maven仓库\org\springframework\boot\spring-boot-starter-web\2.5.2\spring-boot-starter-web-2.5.2.jar;D:\maven\maven仓库\org\springframework\boot\spring-boot-starter-json\2.5.2\spring-boot-starter-json-2.5.2.jar;D:\maven\maven仓库\com\fasterxml\jackson\core\jackson-databind\2.12.3\jackson-databind-2.12.3.jar;D:\maven\maven仓库\com\fasterxml\jackson\core\jackson-annotations\2.12.3\jackson-annotations-2.12.3.jar;D:\maven\maven仓库\com\fasterxml\jackson\core\jackson-core\2.12.3\jackson-core-2.12.3.jar;D:\maven\maven仓库\com\fasterxml\jackson\datatype\jackson-datatype-jdk8\2.12.3\jackson-datatype-jdk8-2.12.3.jar;D:\maven\maven仓库\com\fasterxml\jackson\datatype\jackson-datatype-jsr310\2.12.3\jackson-datatype-jsr310-2.12.3.jar;D:\maven\maven仓库\com\fasterxml\jackson\module\jackson-module-parameter-names\2.12.3\jackson-module-parameter-names-2.12.3.jar;D:\maven\maven仓库\org\springframework\boot\spring-boot-starter-tomcat\2.5.2\spring-boot-starter-tomcat-2.5.2.jar;D:\maven\maven仓库\org\apache\tomcat\embed\tomcat-embed-core\9.0.48\tomcat-embed-core-9.0.48.jar;D:\maven\maven仓库\org\apache\tomcat\embed\tomcat-embed-el\9.0.48\tomcat-embed-el-9.0.48.jar;D:\maven\maven仓库\org\apache\tomcat\embed\tomcat-embed-websocket\9.0.48\tomcat-embed-websocket-9.0.48.jar;D:\maven\maven仓库\org\springframework\spring-web\5.3.8\spring-web-5.3.8.jar;D:\maven\maven仓库\org\springframework\spring-webmvc\5.3.8\spring-webmvc-5.3.8.jar;D:\maven\maven仓库\org\springframework\spring-expression\5.3.8\spring-expression-5.3.8.jar;D:\maven\maven仓库\org\springframework\boot\spring-boot-devtools\2.5.2\spring-boot-devtools-2.5.2.jar;D:\maven\maven仓库\org\springframework\boot\spring-boot\2.5.2\spring-boot-2.5.2.jar;D:\maven\maven仓库\org\springframework\boot\spring-boot-autoconfigure\2.5.2\spring-boot-autoconfigure-2.5.2.jar;D:\maven\maven仓库\mysql\mysql-connector-java\8.0.25\mysql-connector-java-8.0.25.jar;D:\maven\maven仓库\org\projectlombok\lombok\1.18.20\lombok-1.18.20.jar;D:\maven\maven仓库\org\springframework\boot\spring-boot-starter-test\2.5.2\spring-boot-starter-test-2.5.2.jar;D:\maven\maven仓库\org\springframework\boot\spring-boot-test\2.5.2\spring-boot-test-2.5.2.jar;D:\maven\maven仓库\org\springframework\boot\spring-boot-test-autoconfigure\2.5.2\spring-boot-test-autoconfigure-2.5.2.jar;D:\maven\maven仓库\com\jayway\jsonpath\json-path\2.5.0\json-path-2.5.0.jar;D:\maven\maven仓库\net\minidev\json-smart\2.4.7\json-smart-2.4.7.jar;D:\maven\maven仓库\net\minidev\accessors-smart\2.4.7\accessors-smart-2.4.7.jar;D:\maven\maven仓库\org\ow2\asm\asm\9.1\asm-9.1.jar;D:\maven\maven仓库\jakarta\xml\bind\jakarta.xml.bind-api\2.3.3\jakarta.xml.bind-api-2.3.3.jar;D:\maven\maven仓库\jakarta\activation\jakarta.activation-api\1.2.2\jakarta.activation-api-1.2.2.jar;D:\maven\maven仓库\org\assertj\assertj-core\3.19.0\assertj-core-3.19.0.jar;D:\maven\maven仓库\org\hamcrest\hamcrest\2.2\hamcrest-2.2.jar;D:\maven\maven仓库\org\junit\jupiter\junit-jupiter\5.7.2\junit-jupiter-5.7.2.jar;D:\maven\maven仓库\org\junit\jupiter\junit-jupiter-api\5.7.2\junit-jupiter-api-5.7.2.jar;D:\maven\maven仓库\org\apiguardian\apiguardian-api\1.1.0\apiguardian-api-1.1.0.jar;D:\maven\maven仓库\org\opentest4j\opentest4j\1.2.0\opentest4j-1.2.0.jar;D:\maven\maven仓库\org\junit\platform\junit-platform-commons\1.7.2\junit-platform-commons-1.7.2.jar;D:\maven\maven仓库\org\junit\jupiter\junit-jupiter-params\5.7.2\junit-jupiter-params-5.7.2.jar;D:\maven\maven仓库\org\junit\jupiter\junit-jupiter-engine\5.7.2\junit-jupiter-engine-5.7.2.jar;D:\maven\maven仓库\org\junit\platform\junit-platform-engine\1.7.2\junit-platform-engine-1.7.2.jar;D:\maven\maven仓库\org\mockito\mockito-core\3.9.0\mockito-core-3.9.0.jar;D:\maven\maven仓库\net\bytebuddy\byte-buddy-agent\1.10.22\byte-buddy-agent-1.10.22.jar;D:\maven\maven仓库\org\objenesis\objenesis\3.2\objenesis-3.2.jar;D:\maven\maven仓库\org\mockito\mockito-junit-jupiter\3.9.0\mockito-junit-jupiter-3.9.0.jar;D:\maven\maven仓库\org\skyscreamer\jsonassert\1.5.0\jsonassert-1.5.0.jar;D:\maven\maven仓库\com\vaadin\external\google\android-json\0.0.20131108.vaadin1\android-json-0.0.20131108.vaadin1.jar;D:\maven\maven仓库\org\springframework\spring-core\5.3.8\spring-core-5.3.8.jar;D:\maven\maven仓库\org\springframework\spring-jcl\5.3.8\spring-jcl-5.3.8.jar;D:\maven\maven仓库\org\springframework\spring-test\5.3.8\spring-test-5.3.8.jar;D:\maven\maven仓库\org\xmlunit\xmlunit-core\2.8.2\xmlunit-core-2.8.2.jar;D:\maven\maven仓库\org\hibernate\validator\hibernate-validator\6.2.0.Final\hibernate-validator-6.2.0.Final.jar;D:\maven\maven仓库\jakarta\validation\jakarta.validation-api\2.0.2\jakarta.validation-api-2.0.2.jar;D:\maven\maven仓库\org\jboss\logging\jboss-logging\3.4.2.Final\jboss-logging-3.4.2.Final.jar;D:\maven\maven仓库\com\fasterxml\classmate\1.5.1\classmate-1.5.1.jar;D:\maven\maven仓库\org\commonmark\commonmark\0.17.0\commonmark-0.17.0.jar;D:\maven\maven仓库\org\commonmark\commonmark-ext-gfm-tables\0.17.0\commonmark-ext-gfm-tables-0.17.0.jar;D:\maven\maven仓库\org\commonmark\commonmark-ext-heading-anchor\0.17.0\commonmark-ext-heading-anchor-0.17.0.jar;D:\maven\maven仓库\org\springframework\boot\spring-boot-starter-data-redis\2.5.2\spring-boot-starter-data-redis-2.5.2.jar;D:\maven\maven仓库\org\springframework\data\spring-data-redis\2.5.2\spring-data-redis-2.5.2.jar;D:\maven\maven仓库\org\springframework\data\spring-data-keyvalue\2.5.2\spring-data-keyvalue-2.5.2.jar;D:\maven\maven仓库\org\springframework\spring-oxm\5.3.8\spring-oxm-5.3.8.jar;D:\maven\maven仓库\org\springframework\spring-context-support\5.3.8\spring-context-support-5.3.8.jar;D:\maven\maven仓库\io\lettuce\lettuce-core\6.1.3.RELEASE\lettuce-core-6.1.3.RELEASE.jar;D:\maven\maven仓库\io\netty\netty-common\4.1.65.Final\netty-common-4.1.65.Final.jar;D:\maven\maven仓库\io\netty\netty-handler\4.1.65.Final\netty-handler-4.1.65.Final.jar;D:\maven\maven仓库\io\netty\netty-resolver\4.1.65.Final\netty-resolver-4.1.65.Final.jar;D:\maven\maven仓库\io\netty\netty-buffer\4.1.65.Final\netty-buffer-4.1.65.Final.jar;D:\maven\maven仓库\io\netty\netty-codec\4.1.65.Final\netty-codec-4.1.65.Final.jar;D:\maven\maven仓库\io\netty\netty-transport\4.1.65.Final\netty-transport-4.1.65.Final.jar;D:\maven\maven仓库\io\projectreactor\reactor-core\3.4.7\reactor-core-3.4.7.jar;D:\maven\maven仓库\org\reactivestreams\reactive-streams\1.0.3\reactive-streams-1.0.3.jar;"/>
    <property name="java.vm.vendor" value="Oracle Corporation"/>
    <property name="sun.arch.data.model" value="64"/>
    <property name="user.variant" value=""/>
    <property name="java.vendor.url" value="http://java.oracle.com/"/>
    <property name="user.timezone" value="Asia/Shanghai"/>
    <property name="java.vm.specification.version" value="1.8"/>
    <property name="os.name" value="Windows 10"/>
    <property name="user.country" value="CN"/>
    <property name="sun.java.launcher" value="SUN_STANDARD"/>
    <property name="sun.boot.library.path" value="D:\jdk8\tools\jre\bin"/>
    <property name="sun.java.command" value="C:\Users\ADMINI~1\AppData\Local\Temp\surefire1090204693524828751\surefirebooter8840319819830402457.jar C:\Users\Administrator\AppData\Local\Temp\surefire1090204693524828751 2021-08-17T22-27-02_953-jvmRun1 surefire8012548487029901842tmp surefire_05315018187575291897tmp"/>
    <property name="surefire.test.class.path" value="C:\Users\Administrator\Desktop\myBlog\blog\target\test-classes;C:\Users\Administrator\Desktop\myBlog\blog\target\classes;D:\maven\maven仓库\org\springframework\boot\spring-boot-starter-data-jpa\2.5.2\spring-boot-starter-data-jpa-2.5.2.jar;D:\maven\maven仓库\org\springframework\boot\spring-boot-starter-aop\2.5.2\spring-boot-starter-aop-2.5.2.jar;D:\maven\maven仓库\org\springframework\spring-aop\5.3.8\spring-aop-5.3.8.jar;D:\maven\maven仓库\org\aspectj\aspectjweaver\1.9.6\aspectjweaver-1.9.6.jar;D:\maven\maven仓库\org\springframework\boot\spring-boot-starter-jdbc\2.5.2\spring-boot-starter-jdbc-2.5.2.jar;D:\maven\maven仓库\com\zaxxer\HikariCP\4.0.3\HikariCP-4.0.3.jar;D:\maven\maven仓库\org\springframework\spring-jdbc\5.3.8\spring-jdbc-5.3.8.jar;D:\maven\maven仓库\jakarta\transaction\jakarta.transaction-api\1.3.3\jakarta.transaction-api-1.3.3.jar;D:\maven\maven仓库\jakarta\persistence\jakarta.persistence-api\2.2.3\jakarta.persistence-api-2.2.3.jar;D:\maven\maven仓库\org\hibernate\hibernate-core\5.4.32.Final\hibernate-core-5.4.32.Final.jar;D:\maven\maven仓库\org\javassist\javassist\3.27.0-GA\javassist-3.27.0-GA.jar;D:\maven\maven仓库\net\bytebuddy\byte-buddy\1.10.22\byte-buddy-1.10.22.jar;D:\maven\maven仓库\antlr\antlr\2.7.7\antlr-2.7.7.jar;D:\maven\maven仓库\org\jboss\jandex\2.2.3.Final\jandex-2.2.3.Final.jar;D:\maven\maven仓库\org\dom4j\dom4j\2.1.3\dom4j-2.1.3.jar;D:\maven\maven仓库\org\hibernate\common\hibernate-commons-annotations\5.1.2.Final\hibernate-commons-annotations-5.1.2.Final.jar;D:\maven\maven仓库\org\glassfish\jaxb\jaxb-runtime\2.3.4\jaxb-runtime-2.3.4.jar;D:\maven\maven仓库\org\glassfish\jaxb\txw2\2.3.4\txw2-2.3.4.jar;D:\maven\maven仓库\com\sun\istack\istack-commons-runtime\3.0.12\istack-commons-runtime-3.0.12.jar;D:\maven\maven仓库\com\sun\activation\jakarta.activation\1.2.2\jakarta.activation-1.2.2.jar;D:\maven\maven仓库\org\springframework\data\spring-data-jpa\2.5.2\spring-data-jpa-2.5.2.jar;D:\maven\maven仓库\org\springframework\data\spring-data-commons\2.5.2\spring-data-commons-2.5.2.jar;D:\maven\maven仓库\org\springframework\spring-orm\5.3.8\spring-orm-5.3.8.jar;D:\maven\maven仓库\org\springframework\spring-context\5.3.8\spring-context-5.3.8.jar;D:\maven\maven仓库\org\springframework\spring-tx\5.3.8\spring-tx-5.3.8.jar;D:\maven\maven仓库\org\springframework\spring-beans\5.3.8\spring-beans-5.3.8.jar;D:\maven\maven仓库\org\slf4j\slf4j-api\1.7.31\slf4j-api-1.7.31.jar;D:\maven\maven仓库\org\springframework\spring-aspects\5.3.8\spring-aspects-5.3.8.jar;D:\maven\maven仓库\org\springframework\boot\spring-boot-starter-thymeleaf\2.5.2\spring-boot-starter-thymeleaf-2.5.2.jar;D:\maven\maven仓库\org\springframework\boot\spring-boot-starter\2.5.2\spring-boot-starter-2.5.2.jar;D:\maven\maven仓库\org\springframework\boot\spring-boot-starter-logging\2.5.2\spring-boot-starter-logging-2.5.2.jar;D:\maven\maven仓库\ch\qos\logback\logback-classic\1.2.3\logback-classic-1.2.3.jar;D:\maven\maven仓库\ch\qos\logback\logback-core\1.2.3\logback-core-1.2.3.jar;D:\maven\maven仓库\org\apache\logging\log4j\log4j-to-slf4j\2.14.1\log4j-to-slf4j-2.14.1.jar;D:\maven\maven仓库\org\apache\logging\log4j\log4j-api\2.14.1\log4j-api-2.14.1.jar;D:\maven\maven仓库\org\slf4j\jul-to-slf4j\1.7.31\jul-to-slf4j-1.7.31.jar;D:\maven\maven仓库\jakarta\annotation\jakarta.annotation-api\1.3.5\jakarta.annotation-api-1.3.5.jar;D:\maven\maven仓库\org\yaml\snakeyaml\1.28\snakeyaml-1.28.jar;D:\maven\maven仓库\org\thymeleaf\thymeleaf-spring5\3.0.12.RELEASE\thymeleaf-spring5-3.0.12.RELEASE.jar;D:\maven\maven仓库\org\thymeleaf\thymeleaf\3.0.12.RELEASE\thymeleaf-3.0.12.RELEASE.jar;D:\maven\maven仓库\org\attoparser\attoparser\2.0.5.RELEASE\attoparser-2.0.5.RELEASE.jar;D:\maven\maven仓库\org\unbescape\unbescape\1.1.6.RELEASE\unbescape-1.1.6.RELEASE.jar;D:\maven\maven仓库\org\thymeleaf\extras\thymeleaf-extras-java8time\3.0.4.RELEASE\thymeleaf-extras-java8time-3.0.4.RELEASE.jar;D:\maven\maven仓库\org\springframework\boot\spring-boot-starter-web\2.5.2\spring-boot-starter-web-2.5.2.jar;D:\maven\maven仓库\org\springframework\boot\spring-boot-starter-json\2.5.2\spring-boot-starter-json-2.5.2.jar;D:\maven\maven仓库\com\fasterxml\jackson\core\jackson-databind\2.12.3\jackson-databind-2.12.3.jar;D:\maven\maven仓库\com\fasterxml\jackson\core\jackson-annotations\2.12.3\jackson-annotations-2.12.3.jar;D:\maven\maven仓库\com\fasterxml\jackson\core\jackson-core\2.12.3\jackson-core-2.12.3.jar;D:\maven\maven仓库\com\fasterxml\jackson\datatype\jackson-datatype-jdk8\2.12.3\jackson-datatype-jdk8-2.12.3.jar;D:\maven\maven仓库\com\fasterxml\jackson\datatype\jackson-datatype-jsr310\2.12.3\jackson-datatype-jsr310-2.12.3.jar;D:\maven\maven仓库\com\fasterxml\jackson\module\jackson-module-parameter-names\2.12.3\jackson-module-parameter-names-2.12.3.jar;D:\maven\maven仓库\org\springframework\boot\spring-boot-starter-tomcat\2.5.2\spring-boot-starter-tomcat-2.5.2.jar;D:\maven\maven仓库\org\apache\tomcat\embed\tomcat-embed-core\9.0.48\tomcat-embed-core-9.0.48.jar;D:\maven\maven仓库\org\apache\tomcat\embed\tomcat-embed-el\9.0.48\tomcat-embed-el-9.0.48.jar;D:\maven\maven仓库\org\apache\tomcat\embed\tomcat-embed-websocket\9.0.48\tomcat-embed-websocket-9.0.48.jar;D:\maven\maven仓库\org\springframework\spring-web\5.3.8\spring-web-5.3.8.jar;D:\maven\maven仓库\org\springframework\spring-webmvc\5.3.8\spring-webmvc-5.3.8.jar;D:\maven\maven仓库\org\springframework\spring-expression\5.3.8\spring-expression-5.3.8.jar;D:\maven\maven仓库\org\springframework\boot\spring-boot-devtools\2.5.2\spring-boot-devtools-2.5.2.jar;D:\maven\maven仓库\org\springframework\boot\spring-boot\2.5.2\spring-boot-2.5.2.jar;D:\maven\maven仓库\org\springframework\boot\spring-boot-autoconfigure\2.5.2\spring-boot-autoconfigure-2.5.2.jar;D:\maven\maven仓库\mysql\mysql-connector-java\8.0.25\mysql-connector-java-8.0.25.jar;D:\maven\maven仓库\org\projectlombok\lombok\1.18.20\lombok-1.18.20.jar;D:\maven\maven仓库\org\springframework\boot\spring-boot-starter-test\2.5.2\spring-boot-starter-test-2.5.2.jar;D:\maven\maven仓库\org\springframework\boot\spring-boot-test\2.5.2\spring-boot-test-2.5.2.jar;D:\maven\maven仓库\org\springframework\boot\spring-boot-test-autoconfigure\2.5.2\spring-boot-test-autoconfigure-2.5.2.jar;D:\maven\maven仓库\com\jayway\jsonpath\json-path\2.5.0\json-path-2.5.0.jar;D:\maven\maven仓库\net\minidev\json-smart\2.4.7\json-smart-2.4.7.jar;D:\maven\maven仓库\net\minidev\accessors-smart\2.4.7\accessors-smart-2.4.7.jar;D:\maven\maven仓库\org\ow2\asm\asm\9.1\asm-9.1.jar;D:\maven\maven仓库\jakarta\xml\bind\jakarta.xml.bind-api\2.3.3\jakarta.xml.bind-api-2.3.3.jar;D:\maven\maven仓库\jakarta\activation\jakarta.activation-api\1.2.2\jakarta.activation-api-1.2.2.jar;D:\maven\maven仓库\org\assertj\assertj-core\3.19.0\assertj-core-3.19.0.jar;D:\maven\maven仓库\org\hamcrest\hamcrest\2.2\hamcrest-2.2.jar;D:\maven\maven仓库\org\junit\jupiter\junit-jupiter\5.7.2\junit-jupiter-5.7.2.jar;D:\maven\maven仓库\org\junit\jupiter\junit-jupiter-api\5.7.2\junit-jupiter-api-5.7.2.jar;D:\maven\maven仓库\org\apiguardian\apiguardian-api\1.1.0\apiguardian-api-1.1.0.jar;D:\maven\maven仓库\org\opentest4j\opentest4j\1.2.0\opentest4j-1.2.0.jar;D:\maven\maven仓库\org\junit\platform\junit-platform-commons\1.7.2\junit-platform-commons-1.7.2.jar;D:\maven\maven仓库\org\junit\jupiter\junit-jupiter-params\5.7.2\junit-jupiter-params-5.7.2.jar;D:\maven\maven仓库\org\junit\jupiter\junit-jupiter-engine\5.7.2\junit-jupiter-engine-5.7.2.jar;D:\maven\maven仓库\org\junit\platform\junit-platform-engine\1.7.2\junit-platform-engine-1.7.2.jar;D:\maven\maven仓库\org\mockito\mockito-core\3.9.0\mockito-core-3.9.0.jar;D:\maven\maven仓库\net\bytebuddy\byte-buddy-agent\1.10.22\byte-buddy-agent-1.10.22.jar;D:\maven\maven仓库\org\objenesis\objenesis\3.2\objenesis-3.2.jar;D:\maven\maven仓库\org\mockito\mockito-junit-jupiter\3.9.0\mockito-junit-jupiter-3.9.0.jar;D:\maven\maven仓库\org\skyscreamer\jsonassert\1.5.0\jsonassert-1.5.0.jar;D:\maven\maven仓库\com\vaadin\external\google\android-json\0.0.20131108.vaadin1\android-json-0.0.20131108.vaadin1.jar;D:\maven\maven仓库\org\springframework\spring-core\5.3.8\spring-core-5.3.8.jar;D:\maven\maven仓库\org\springframework\spring-jcl\5.3.8\spring-jcl-5.3.8.jar;D:\maven\maven仓库\org\springframework\spring-test\5.3.8\spring-test-5.3.8.jar;D:\maven\maven仓库\org\xmlunit\xmlunit-core\2.8.2\xmlunit-core-2.8.2.jar;D:\maven\maven仓库\org\hibernate\validator\hibernate-validator\6.2.0.Final\hibernate-validator-6.2.0.Final.jar;D:\maven\maven仓库\jakarta\validation\jakarta.validation-api\2.0.2\jakarta.validation-api-2.0.2.jar;D:\maven\maven仓库\org\jboss\logging\jboss-logging\3.4.2.Final\jboss-logging-3.4.2.Final.jar;D:\maven\maven仓库\com\fasterxml\classmate\1.5.1\classmate-1.5.1.jar;D:\maven\maven仓库\org\commonmark\commonmark\0.17.0\commonmark-0.17.0.jar;D:\maven\maven仓库\org\commonmark\commonmark-ext-gfm-tables\0.17.0\commonmark-ext-gfm-tables-0.17.0.jar;D:\maven\maven仓库\org\commonmark\commonmark-ext-heading-anchor\0.17.0\commonmark-ext-heading-anchor-0.17.0.jar;D:\maven\maven仓库\org\springframework\boot\spring-boot-starter-data-redis\2.5.2\spring-boot-starter-data-redis-2.5.2.jar;D:\maven\maven仓库\org\springframework\data\spring-data-redis\2.5.2\spring-data-redis-2.5.2.jar;D:\maven\maven仓库\org\springframework\data\spring-data-keyvalue\2.5.2\spring-data-keyvalue-2.5.2.jar;D:\maven\maven仓库\org\springframework\spring-oxm\5.3.8\spring-oxm-5.3.8.jar;D:\maven\maven仓库\org\springframework\spring-context-support\5.3.8\spring-context-support-5.3.8.jar;D:\maven\maven仓库\io\lettuce\lettuce-core\6.1.3.RELEASE\lettuce-core-6.1.3.RELEASE.jar;D:\maven\maven仓库\io\netty\netty-common\4.1.65.Final\netty-common-4.1.65.Final.jar;D:\maven\maven仓库\io\netty\netty-handler\4.1.65.Final\netty-handler-4.1.65.Final.jar;D:\maven\maven仓库\io\netty\netty-resolver\4.1.65.Final\netty-resolver-4.1.65.Final.jar;D:\maven\maven仓库\io\netty\netty-buffer\4.1.65.Final\netty-buffer-4.1.65.Final.jar;D:\maven\maven仓库\io\netty\netty-codec\4.1.65.Final\netty-codec-4.1.65.Final.jar;D:\maven\maven仓库\io\netty\netty-transport\4.1.65.Final\netty-transport-4.1.65.Final.jar;D:\maven\maven仓库\io\projectreactor\reactor-core\3.4.7\reactor-core-3.4.7.jar;D:\maven\maven仓库\org\reactivestreams\reactive-streams\1.0.3\reactive-streams-1.0.3.jar;"/>
    <property name="sun.cpu.endian" value="little"/>
    <property name="user.home" value="C:\Users\Administrator"/>
    <property name="user.language" value="zh"/>
    <property name="java.specification.vendor" value="Oracle Corporation"/>
    <property name="java.home" value="D:\jdk8\tools\jre"/>
    <property name="basedir" value="C:\Users\Administrator\Desktop\myBlog\blog"/>
    <property name="file.separator" value="\"/>
    <property name="line.separator" value="&#10;"/>
    <property name="java.vm.specification.vendor" value="Oracle Corporation"/>
    <property name="java.specification.name" value="Java Platform API Specification"/>
    <property name="java.awt.graphicsenv" value="sun.awt.Win32GraphicsEnvironment"/>
    <property name="surefire.real.class.path" value="C:\Users\ADMINI~1\AppData\Local\Temp\surefire1090204693524828751\surefirebooter8840319819830402457.jar"/>
    <property name="sun.boot.class.path" value="D:\jdk8\tools\jre\lib\resources.jar;D:\jdk8\tools\jre\lib\rt.jar;D:\jdk8\tools\jre\lib\sunrsasign.jar;D:\jdk8\tools\jre\lib\jsse.jar;D:\jdk8\tools\jre\lib\jce.jar;D:\jdk8\tools\jre\lib\charsets.jar;D:\jdk8\tools\jre\lib\jfr.jar;D:\jdk8\tools\jre\classes"/>
    <property name="user.script" value=""/>
    <property name="sun.management.compiler" value="HotSpot 64-Bit Tiered Compilers"/>
    <property name="java.runtime.version" value="1.8.0_151-b12"/>
    <property name="user.name" value="但愿人长久"/>
    <property name="path.separator" value=";"/>
    <property name="os.version" value="10.0"/>
    <property name="java.endorsed.dirs" value="D:\jdk8\tools\jre\lib\endorsed"/>
    <property name="java.runtime.name" value="Java(TM) SE Runtime Environment"/>
    <property name="file.encoding" value="GBK"/>
    <property name="java.vm.name" value="Java HotSpot(TM) 64-Bit Server VM"/>
    <property name="localRepository" value="D:\maven\maven仓库"/>
    <property name="java.vendor.url.bug" value="http://bugreport.sun.com/bugreport/"/>
    <property name="java.io.tmpdir" value="C:\Users\ADMINI~1\AppData\Local\Temp\"/>
    <property name="idea.version" value="2020.2.2"/>
    <property name="java.version" value="1.8.0_151"/>
    <property name="user.dir" value="C:\Users\Administrator\Desktop\myBlog\blog"/>
    <property name="os.arch" value="amd64"/>
    <property name="java.vm.specification.name" value="Java Virtual Machine Specification"/>
    <property name="java.awt.printerjob" value="sun.awt.windows.WPrinterJob"/>
    <property name="sun.os.patch.level" value=""/>
    <property name="java.library.path" value="D:\jdk8\tools\jre\bin;C:\Windows\Sun\Java\bin;C:\Windows\system32;C:\Windows;D:\linux\VMware\bin\;C:\Windows\system32;C:\Windows;C:\Windows\System32\Wbem;C:\Windows\System32\WindowsPowerShell\v1.0\;C:\Program Files (x86)\Microsoft SQL Server\100\Tools\Binn\;C:\Program Files (x86)\Microsoft SQL Server\100\DTS\Binn\;C:\Program Files (x86)\Microsoft SQL Server\100\Tools\Binn\VSShell\Common7\IDE\;D:\jdk8\tools\bin;D:\jdk8\tools\jre\bin;D:\apache-tomcat-9.0.43-windows-x64\apache-tomcat-9.0.43\lib;D:\apache-tomcat-9.0.43-windows-x64\apache-tomcat-9.0.43\bin;D:\maven\apache-maven-3.6.3\bin;D:\gradle-6.6.1-all\gradle-6.6.1\bin;D:\mysql-8.0.19-winx64\bin;D:\Git\Git\cmd;%ANDROID_SDK_HOME%\platform-tools;%ANDROID_SDK_HOME%\tools;D:\node.js\;D:\linux\xshell\;D:\linux\xftp\;C:\Users\Administrator\AppData\Local\Programs\Python\Python38-32\Scripts\;C:\Users\Administrator\AppData\Local\Programs\Python\Python38-32\;C:\Users\Administrator\AppData\Local\Microsoft\WindowsApps;D:\visual studio code\Microsoft VS Code Insiders\bin;D:\IDEA\IntelliJ IDEA 2020.2.2\bin;C:\Users\Administrator\AppData\Roaming\npm;C:\Users\Administrator\AppData\Local\GitHubDesktop\bin;."/>
    <property name="java.vm.info" value="mixed mode"/>
    <property name="java.vendor" value="Oracle Corporation"/>
    <property name="java.vm.version" value="25.151-b12"/>
    <property name="java.ext.dirs" value="D:\jdk8\tools\jre\lib\ext;C:\Windows\Sun\Java\lib\ext"/>
    <property name="sun.io.unicode.encoding" value="UnicodeLittle"/>
    <property name="maven.repo.local" value="D:\maven\maven仓库"/>
    <property name="java.class.version" value="52.0"/>
  </properties>
  <testcase name="addUser" classname="com.mao.dao.UserRepositoryTest" time="0.123"/>
</testsuite>